
> portfolio@0.1.0 dev
> next dev

▲ Next.js 16.2.6 (Turbopack)
- Local:         http://localhost:3000
- Network:       http://192.168.1.170:3000
✓ Ready in 588ms

 HEAD / 200 in 535ms (next.js: 311ms, application-code: 224ms)
 GET / 200 in 48ms (next.js: 4ms, application-code: 44ms)
 GET / 200 in 153ms (next.js: 16ms, application-code: 137ms)
 HEAD / 200 in 295ms (next.js: 76ms, application-code: 218ms)
 GET / 200 in 51ms (next.js: 6ms, application-code: 45ms)
 GET / 200 in 297ms (next.js: 23ms, application-code: 274ms)
✓ Compiled in 54ms
 GET / 200 in 156ms (next.js: 112ms, application-code: 44ms)
 GET / 200 in 353ms (next.js: 10ms, application-code: 344ms)
 GET / 200 in 18ms (next.js: 7ms, application-code: 11ms)
✓ Compiled in 102ms
 GET / 200 in 143ms (next.js: 97ms, application-code: 46ms)
 GET / 200 in 149ms (next.js: 7ms, application-code: 142ms)
✓ Compiled in 28ms
 GET / 200 in 114ms (next.js: 78ms, application-code: 36ms)
 GET / 200 in 16ms (next.js: 4ms, application-code: 12ms)
 GET / 200 in 33ms (next.js: 6ms, application-code: 27ms)
 GET / 200 in 26ms (next.js: 4ms, application-code: 23ms)
 GET / 200 in 123ms (next.js: 4ms, application-code: 119ms)
✓ Compiled in 73ms
 GET / 200 in 115ms (next.js: 64ms, application-code: 51ms)
✓ Compiled in 92ms
 GET / 200 in 211ms (next.js: 123ms, application-code: 88ms)
 GET / 200 in 180ms (next.js: 7ms, application-code: 173ms)
✓ Compiled in 45ms
 GET / 200 in 96ms (next.js: 47ms, application-code: 49ms)
 GET / 200 in 23ms (next.js: 3ms, application-code: 20ms)
✓ Compiled in 28ms
 GET / 200 in 116ms (next.js: 41ms, application-code: 75ms)
 GET / 200 in 60ms (next.js: 6ms, application-code: 53ms)
✓ Compiled in 76ms
 GET / 200 in 145ms (next.js: 72ms, application-code: 73ms)
 GET / 200 in 43ms (next.js: 6ms, application-code: 37ms)
✓ Compiled in 52ms
 GET / 200 in 118ms (next.js: 47ms, application-code: 70ms)
 GET / 200 in 41ms (next.js: 6ms, application-code: 35ms)
✓ Compiled in 122ms
✓ Compiled in 662ms
 GET / 200 in 872ms (next.js: 569ms, application-code: 303ms)
 GET / 200 in 654ms (next.js: 101ms, application-code: 553ms)
 GET / 200 in 490ms (next.js: 16ms, application-code: 474ms)
 GET / 200 in 494ms (next.js: 52ms, application-code: 442ms)
 GET / 200 in 496ms (next.js: 140ms, application-code: 356ms)
 GET / 200 in 500ms (next.js: 247ms, application-code: 252ms)
 GET / 200 in 466ms (next.js: 41ms, application-code: 425ms)
 GET / 200 in 474ms (next.js: 27ms, application-code: 447ms)
 GET / 200 in 362ms (next.js: 17ms, application-code: 345ms)
 GET / 200 in 364ms (next.js: 81ms, application-code: 283ms)
 GET / 200 in 368ms (next.js: 134ms, application-code: 235ms)
 GET / 200 in 456ms (next.js: 190ms, application-code: 265ms)
 GET / 200 in 207ms (next.js: 21ms, application-code: 185ms)
 GET / 200 in 117ms (next.js: 29ms, application-code: 88ms)
 GET / 200 in 396ms (next.js: 10ms, application-code: 387ms)
✓ Compiled in 126ms
 GET / 200 in 618ms (next.js: 225ms, application-code: 393ms)
 GET / 200 in 306ms (next.js: 8ms, application-code: 298ms)
 GET / 200 in 364ms (next.js: 14ms, application-code: 351ms)
 GET / 200 in 368ms (next.js: 57ms, application-code: 311ms)
 GET / 200 in 370ms (next.js: 115ms, application-code: 255ms)
 GET / 200 in 376ms (next.js: 172ms, application-code: 204ms)
 GET / 200 in 352ms (next.js: 17ms, application-code: 335ms)
 GET / 200 in 353ms (next.js: 10ms, application-code: 343ms)
 GET / 200 in 285ms (next.js: 11ms, application-code: 273ms)
 GET / 200 in 283ms (next.js: 141ms, application-code: 143ms)
 GET / 200 in 296ms (next.js: 75ms, application-code: 220ms)
 GET / 200 in 112ms (next.js: 11ms, application-code: 101ms)
✓ Compiled in 34ms
 GET / 200 in 181ms (next.js: 102ms, application-code: 79ms)
 GET / 200 in 108ms (next.js: 6ms, application-code: 102ms)
 GET / 200 in 114ms (next.js: 9ms, application-code: 105ms)
✓ Compiled in 30ms
 GET / 200 in 160ms (next.js: 79ms, application-code: 81ms)
 GET / 200 in 47ms (next.js: 5ms, application-code: 42ms)
 GET / 200 in 23ms (next.js: 5ms, application-code: 19ms)
 GET / 200 in 214ms (next.js: 5ms, application-code: 209ms)
✓ Compiled in 42ms
 GET / 200 in 152ms (next.js: 79ms, application-code: 73ms)
 GET / 200 in 45ms (next.js: 3ms, application-code: 42ms)
 GET / 200 in 26ms (next.js: 3ms, application-code: 23ms)
 GET / 200 in 246ms (next.js: 7ms, application-code: 239ms)
✓ Compiled in 36ms
 GET / 200 in 192ms (next.js: 99ms, application-code: 93ms)
 GET / 200 in 62ms (next.js: 6ms, application-code: 56ms)
 GET / 200 in 32ms (next.js: 5ms, application-code: 27ms)
 GET / 200 in 211ms (next.js: 7ms, application-code: 204ms)
 GET / 200 in 66ms (next.js: 5ms, application-code: 61ms)
 GET / 200 in 64ms (next.js: 4ms, application-code: 60ms)
✓ Compiled in 209ms
 GET / 500 in 677ms (next.js: 340ms, application-code: 337ms)
 GET / 500 in 92ms (next.js: 35ms, application-code: 57ms)
 GET / 500 in 46ms (next.js: 24ms, application-code: 22ms)
 GET / 500 in 51ms (next.js: 35ms, application-code: 16ms)
 GET / 500 in 53ms (next.js: 12ms, application-code: 41ms)
 GET / 500 in 69ms (next.js: 23ms, application-code: 46ms)
 GET / 500 in 20ms (next.js: 12ms, application-code: 8ms)
 GET / 500 in 17ms (next.js: 8ms, application-code: 9ms)
 GET / 500 in 37ms (next.js: 13ms, application-code: 24ms)
 GET / 500 in 1104ms (next.js: 264ms, application-code: 841ms)
 GET / 500 in 536ms (next.js: 9ms, application-code: 527ms)
 GET / 500 in 597ms (next.js: 585ms, application-code: 13ms)
✓ Compiled in 21.7s
 GET / 500 in 48ms (next.js: 27ms, application-code: 21ms)
 GET / 200 in 782ms (next.js: 522ms, application-code: 260ms)
 GET / 200 in 288ms (next.js: 101ms, application-code: 187ms)
✓ Compiled in 55ms
 GET / 200 in 170ms (next.js: 116ms, application-code: 54ms)
✓ Compiled in 51ms
 GET / 200 in 115ms (next.js: 79ms, application-code: 36ms)
✓ Compiled in 111ms
 GET / 200 in 118ms (next.js: 79ms, application-code: 39ms)
 GET / 200 in 220ms (next.js: 5ms, application-code: 215ms)
✓ Compiled in 47ms
 GET / 200 in 137ms (next.js: 89ms, application-code: 47ms)
✓ Compiled in 47ms
 GET / 200 in 130ms (next.js: 86ms, application-code: 44ms)
✓ Compiled in 37ms
 GET / 200 in 198ms (next.js: 94ms, application-code: 104ms)
✓ Compiled in 67ms
✓ Compiled in 290ms
 GET / 200 in 693ms (next.js: 289ms, application-code: 404ms)
 GET / 200 in 336ms (next.js: 91ms, application-code: 245ms)
 GET / 200 in 199ms (next.js: 13ms, application-code: 187ms)
 GET / 200 in 201ms (next.js: 38ms, application-code: 163ms)
 GET / 200 in 204ms (next.js: 71ms, application-code: 133ms)
 GET / 200 in 205ms (next.js: 95ms, application-code: 111ms)
 GET / 200 in 85ms (next.js: 8ms, application-code: 78ms)
 GET / 200 in 247ms (next.js: 8ms, application-code: 239ms)
✓ Compiled in 59ms
 GET / 200 in 215ms (next.js: 116ms, application-code: 99ms)
 GET / 200 in 57ms (next.js: 8ms, application-code: 49ms)
 GET / 200 in 181ms (next.js: 5ms, application-code: 176ms)
✓ Compiled in 32ms
 GET / 200 in 152ms (next.js: 90ms, application-code: 62ms)
 GET / 200 in 29ms (next.js: 3ms, application-code: 26ms)
✓ Compiled in 34ms
 GET / 200 in 161ms (next.js: 85ms, application-code: 77ms)
 GET / 200 in 47ms (next.js: 4ms, application-code: 43ms)
✓ Compiled in 44ms
 GET / 200 in 358ms (next.js: 200ms, application-code: 158ms)
 GET / 200 in 79ms (next.js: 9ms, application-code: 71ms)
✓ Compiled in 32ms
 GET / 200 in 165ms (next.js: 96ms, application-code: 69ms)
 GET / 200 in 31ms (next.js: 5ms, application-code: 26ms)
✓ Compiled in 105ms
 GET / 200 in 326ms (next.js: 228ms, application-code: 98ms)
✓ Compiled in 66ms
 GET / 200 in 186ms (next.js: 126ms, application-code: 59ms)
✓ Compiled in 212ms
✓ Compiled in 3.6s
 GET / 200 in 416ms (next.js: 87ms, application-code: 328ms)
 GET / 200 in 1346ms (next.js: 761ms, application-code: 585ms)
 GET / 200 in 103ms (next.js: 13ms, application-code: 90ms)
 GET / 200 in 98ms (next.js: 52ms, application-code: 46ms)
 GET / 200 in 310ms (next.js: 14ms, application-code: 296ms)
✓ Compiled in 46ms
 GET / 200 in 218ms (next.js: 145ms, application-code: 74ms)
✓ Compiled in 55ms
 GET / 200 in 178ms (next.js: 110ms, application-code: 68ms)
✓ Compiled in 44ms
 GET / 200 in 151ms (next.js: 99ms, application-code: 53ms)
✓ Compiled in 49ms
 GET / 200 in 153ms (next.js: 101ms, application-code: 52ms)
✓ Compiled in 141ms
 GET / 200 in 305ms (next.js: 174ms, application-code: 131ms)
 GET / 200 in 36ms (next.js: 5ms, application-code: 31ms)
 GET / 200 in 353ms (next.js: 6ms, application-code: 346ms)
 GET / 200 in 144ms (next.js: 10ms, application-code: 134ms)
✓ Compiled in 94ms
 GET / 200 in 477ms (next.js: 261ms, application-code: 215ms)
 GET / 200 in 107ms (next.js: 8ms, application-code: 99ms)
✓ Compiled in 113ms
 GET / 200 in 258ms (next.js: 139ms, application-code: 119ms)
 GET / 200 in 63ms (next.js: 6ms, application-code: 57ms)
 GET / 200 in 28ms (next.js: 9ms, application-code: 20ms)
✓ Compiled in 97ms
 GET / 200 in 282ms (next.js: 120ms, application-code: 162ms)
 GET / 200 in 94ms (next.js: 16ms, application-code: 78ms)
✓ Compiled in 118ms
 GET / 200 in 312ms (next.js: 169ms, application-code: 143ms)
 GET / 200 in 83ms (next.js: 18ms, application-code: 65ms)
✓ Compiled in 161ms
 GET / 200 in 425ms (next.js: 239ms, application-code: 186ms)
 GET / 200 in 73ms (next.js: 11ms, application-code: 63ms)
✓ Compiled in 142ms
 GET / 200 in 372ms (next.js: 187ms, application-code: 184ms)
 GET / 200 in 106ms (next.js: 7ms, application-code: 99ms)
 GET / 200 in 477ms (next.js: 12ms, application-code: 465ms)
✓ Compiled in 108ms
 GET / 200 in 294ms (next.js: 131ms, application-code: 162ms)
 GET / 200 in 84ms (next.js: 9ms, application-code: 75ms)
✓ Compiled in 91ms
 GET / 200 in 252ms (next.js: 130ms, application-code: 122ms)
 GET / 200 in 48ms (next.js: 8ms, application-code: 40ms)
✓ Compiled in 166ms
 GET / 200 in 267ms (next.js: 119ms, application-code: 148ms)
 GET / 200 in 149ms (next.js: 11ms, application-code: 138ms)
✓ Compiled in 133ms
✓ Compiled in 380ms
 GET / 200 in 607ms (next.js: 241ms, application-code: 366ms)
 GET / 200 in 533ms (next.js: 129ms, application-code: 405ms)
 GET / 200 in 389ms (next.js: 118ms, application-code: 270ms)
 GET / 200 in 393ms (next.js: 13ms, application-code: 379ms)
 GET / 200 in 392ms (next.js: 174ms, application-code: 218ms)
 GET / 200 in 397ms (next.js: 211ms, application-code: 186ms)
 GET / 200 in 245ms (next.js: 16ms, application-code: 229ms)
 GET / 200 in 313ms (next.js: 62ms, application-code: 251ms)
 GET / 200 in 192ms (next.js: 51ms, application-code: 141ms)
 GET / 200 in 199ms (next.js: 17ms, application-code: 182ms)
 GET / 200 in 62ms (next.js: 17ms, application-code: 44ms)
 GET / 200 in 737ms (next.js: 5ms, application-code: 732ms)
 GET / 200 in 326ms (next.js: 13ms, application-code: 312ms)
✓ Compiled in 220ms
 GET / 200 in 426ms (next.js: 201ms, application-code: 224ms)
 GET / 200 in 220ms (next.js: 20ms, application-code: 201ms)
 GET / 200 in 135ms (next.js: 7ms, application-code: 128ms)
 GET / 200 in 361ms (next.js: 8ms, application-code: 353ms)
 GET / 200 in 235ms (next.js: 15ms, application-code: 220ms)
✓ Compiled in 202ms
 GET / 200 in 351ms (next.js: 207ms, application-code: 144ms)
○ Compiling /_not-found/page ...
 GET /projects/sentiment-analytics.png 404 in 4.4s (next.js: 4.3s, application-code: 196ms)
 GET / 200 in 372ms (next.js: 16ms, application-code: 355ms)
 GET /projects/sentiment-analytics.png 404 in 122ms (next.js: 18ms, application-code: 104ms)
 GET /projects/sentiment-analytics.png 404 in 252ms (next.js: 69ms, application-code: 183ms)
 GET / 200 in 229ms (next.js: 12ms, application-code: 217ms)
 GET / 200 in 309ms (next.js: 14ms, application-code: 295ms)
✓ Compiled in 108ms
 GET / 200 in 232ms (next.js: 155ms, application-code: 77ms)
✓ Compiled in 418ms
 GET / 500 in 119ms (next.js: 80ms, application-code: 39ms)
 GET / 500 in 32ms (next.js: 15ms, application-code: 17ms)
 GET / 500 in 25ms (next.js: 11ms, application-code: 15ms)
 GET / 500 in 20ms (next.js: 9ms, application-code: 11ms)
 GET / 500 in 45ms (next.js: 26ms, application-code: 19ms)
✓ Compiled in 114ms
 GET / 200 in 569ms (next.js: 193ms, application-code: 376ms)
 GET / 200 in 186ms (next.js: 11ms, application-code: 175ms)
 GET / 200 in 288ms (next.js: 62ms, application-code: 227ms)
✓ Compiled in 151ms
 GET / 200 in 514ms (next.js: 272ms, application-code: 241ms)
 GET / 200 in 62ms (next.js: 7ms, application-code: 56ms)
 GET / 200 in 578ms (next.js: 9ms, application-code: 569ms)
✓ Compiled in 104ms
 GET / 200 in 349ms (next.js: 201ms, application-code: 148ms)
 GET / 200 in 72ms (next.js: 7ms, application-code: 65ms)
 GET / 200 in 414ms (next.js: 13ms, application-code: 401ms)
✓ Compiled in 134ms
 GET / 200 in 415ms (next.js: 221ms, application-code: 194ms)
 GET / 200 in 97ms (next.js: 25ms, application-code: 72ms)
 GET / 200 in 443ms (next.js: 13ms, application-code: 430ms)
 GET / 200 in 29ms (next.js: 12ms, application-code: 18ms)
 GET / 200 in 64ms (next.js: 8ms, application-code: 56ms)
 GET / 200 in 30ms (next.js: 12ms, application-code: 18ms)
 GET / 200 in 30ms (next.js: 13ms, application-code: 17ms)
 GET / 200 in 28ms (next.js: 8ms, application-code: 20ms)
 GET / 200 in 37ms (next.js: 13ms, application-code: 24ms)
 GET / 200 in 2.8s (next.js: 1022ms, application-code: 1739ms)
[?25h
